###############################################################################
#                                                                             #
#                                                       19/Feb/2010  23:02:09 #
# IAR C/C++ Compiler V5.30.0.20166/W32, Evaluation Version  for Atmel AVR     #
# Copyright 1996-2009 IAR Systems AB.                                         #
#                                                                             #
#    Source file  =  G:\AVR\EthRadio_buf_inline\pages.c                       #
#    Command line =  --string_literals_in_flash G:\AVR\EthRadio_buf_inline\pa #
#                    ges.c --cpu=m32 -ms -o G:\AVR\EthRadio_buf_inline\Debug\ #
#                    Obj\ -lC G:\AVR\EthRadio_buf_inline\Debug\List\ -lB      #
#                    G:\AVR\EthRadio_buf_inline\Debug\List\                   #
#                    --initializers_in_flash -s9 --no_code_motion --debug     #
#                    -DENABLE_BIT_DEFINITIONS -e -I "C:\Program Files\IAR     #
#                    Systems\Embedded Workbench Evaluation 5.3\avr\INC\" -I   #
#                    "C:\Program Files\IAR Systems\Embedded Workbench         #
#                    Evaluation 5.3\avr\INC\CLIB\" --eeprom_size 1024         #
#                    --lock_regs=1                                            #
#    List file    =  G:\AVR\EthRadio_buf_inline\Debug\List\pages.lst          #
#    Object file  =  G:\AVR\EthRadio_buf_inline\Debug\Obj\pages.r90           #
#                                                                             #
#                                                                             #
###############################################################################

G:\AVR\EthRadio_buf_inline\pages.c
      1          #include "nike_e.h"
      2          #include "pages.h"
      3          

   \                                 In  segment NEAR_F, align 1, keep-with-next
      4          const char __compressed_data_attr http_root[]=
   \                     http_root:
   \   00000000   A48D8A808680       DC8 141, 164, 128, 138, 128, 134, 128, 135, 128, 128, 133, 247, 169, 62
   \              87808080F785
   \              3EA9        
   \   0000000E   7788433E6EB3       DC8 136, 119, 62, 67, 179, 110, 101, 99, 116, 32, 116, 111, 32, 173
   \              636520746F74
   \              AD20        
   \   0000001C   81B482F2A3EA       DC8 180, 129, 242, 130, 234, 163, 129, 242, 130, 234, 163, 129, 242
   \              F281EA8281A3
   \              F2          
   \   00000029   EA8281A382F2       DC8 130, 234, 163, 129, 242, 130, 234, 62, 32, 119, 105, 116, 104, 181
   \              3EEA77207469
   \              B568        
   \   00000037   F281EA82813E       DC8 129, 242, 130, 234, 62, 129, 242, 130, 234, 163, 129, 242, 130, 234
   \              82F2A3EAF281
   \              EA82        
   \   00000045   81A382F284EA       DC8 163, 129, 242, 130, 234, 132, 252, 131, 0
   \              83FC00      
      5          {
      6            141,164,128,138,128,134,128,135,128,128,133,_check_eeprom_restored_,169,'>',136,'w','>',
      7            'C',179,'n','e','c','t',' ','t','o',' ',173,180,129,_select_name_,130,_vlanid3_,163,
      8            129,_select_name_,130,_vlanid3_,163,129,_select_name_,130,_vlanid3_,163,129,_select_name_,130,_vlanid3_,'>',' ','w',
      9            'i','t','h',181,129,_select_name_,130,_vlanid3_,'>',129,_select_name_,130,_vlanid3_,163,129,_select_name_,130,
     10            _vlanid3_,163,129,_select_name_,130,_vlanid3_,132,_svn_revision_,131,0
     11          };
     12          

   \                                 In  segment NEAR_F, align 1, keep-with-next
     13          const char __compressed_data_attr http_z[]=
   \                     http_z:
   \   00000000   A48D87808A80       DC8 141, 164, 128, 135, 128, 138, 128, 134, 128, 128, 133, 169, 159
   \              86808080A985
   \              9F          
   \   0000000D   57A57261696E       DC8 165, 87, 97, 114, 110, 105, 110, 103, 33, 32, 83, 101, 116, 117
   \              676E20216553
   \              7574        
   \   0000001B   207068747369       DC8 112, 32, 116, 104, 105, 115, 32, 100, 97, 116, 97, 32, 179, 108
   \              642074612061
   \              6CB3        
   \   00000029   20796E697320       DC8 121, 32, 105, 110, 32, 115, 97, 102, 101, 32, 115, 117, 98, 110
   \              666120657573
   \              6E62        
   \   00000037   74659B2188A5       DC8 101, 116, 33, 155, 165, 136, 122, 62, 167, 108, 111, 103, 105, 110
   \              3E7A6CA7676F
   \              6E69        
   \   00000045   81B43EF2A720       DC8 180, 129, 242, 62, 32, 167, 174, 180, 60, 73, 78, 80, 85, 84, 32
   \              B4AE493C504E
   \              545520      
   \   00000054   59544550AE3D       DC8 84, 89, 80, 69, 61, 174, 32, 78, 65, 77, 69, 61, 242, 159, 66, 82
   \              4E204D413D45
   \              9FF25242    
   \   00000064   8C3E45539454       DC8 62, 140, 83, 69, 84, 148, 169, 62, 136, 122, 62, 167, 173, 180, 129
   \              3EA97A88A73E
   \              B4AD81      
   \   00000073   82F2A3E7F281       DC8 242, 130, 231, 163, 129, 242, 130, 232, 163, 129, 242, 130, 233
   \              E88281A382F2
   \              E9          
   \   00000080   81A382F23EEA       DC8 163, 129, 242, 130, 234, 62, 32, 167, 77, 65, 67, 180, 129, 242
   \              A720414DB443
   \              F281        
   \   0000008E   EB822D3EF281       DC8 130, 235, 62, 45, 129, 242, 130, 236, 62, 45, 129, 242, 130, 237
   \              EC822D3EF281
   \              ED82        
   \   0000009C   2D3EF281EE82       DC8 62, 45, 129, 242, 130, 238, 62, 45, 129, 242, 130, 239, 62, 45, 129
   \              2D3EF281EF82
   \              2D3E81      
   \   000000AB   82F284F083FC       DC8 242, 130, 240, 132, 252, 131, 0
   \              00          
     14          {
     15            141,164,128,135,128,138,128,134,128,128,133,169,159,165,'W','a','r',
     16            'n','i','n','g','!',' ','S','e','t','u','p',' ','t','h','i','s',' ',
     17            'd','a','t','a',' ',179,'l','y',' ','i','n',' ','s','a','f','e',' ',
     18            's','u','b','n','e','t','!',155,165,136,'z','>',167,'l','o','g','i',
     19            'n',180,129,_select_name_,'>',' ',167,174,180,'<','I','N','P','U','T',' ','T',
     20            'Y','P','E','=',174,' ','N','A','M','E','=',_select_name_,159,'B','R','>',140,
     21            'S','E','T',148,169,'>',136,'z','>',167,173,180,129,_select_name_,130,_vlanid0_,163,
     22            129,_select_name_,130,_vlanid1_,163,129,_select_name_,130,_vlanid2_,163,129,_select_name_,130,_vlanid3_,'>',' ',167,
     23            'M','A','C',180,129,_select_name_,130,_vlanid4_,'>','-',129,_select_name_,130,_vlanid5_,'>','-',129,
     24            _select_name_,130,_vlanid6_,'>','-',129,_select_name_,130,_vlanid7_,'>','-',129,_select_name_,130,_vlanid8_,'>','-',
     25            129,_select_name_,130,_vlanid9_,132,_svn_revision_,131,0
     26          };
     27          

   \                                 In  segment NEAR_F, align 1, keep-with-next
     28          const char __compressed_data_attr http_root_level1[]=
   \                     http_root_level1:
   \   00000000   2CF22CF22CF2       DC8 242, 44, 242, 44, 242, 44, 242, 44, 242, 44, 242, 44, 242, 44, 242
   \              2CF22CF22CF2
   \              2CF2F2      
   \   0000000F   002C               DC8 44, 0
     29          {
     30            _select_name_,',',_select_name_,',',_select_name_,',',_select_name_,',',_select_name_,',',_select_name_,',',_select_name_,',',_select_name_,',',0
     31          };
     32          

   \                                 In  segment NEAR_F, align 1, keep-with-next
     33          const char __compressed_data_attr http_root_level2[]=
   \                     http_root_level2:
   \   00000000   00                 DC8 0
     34          {
     35            0
     36          };
     37          

   \                                 In  segment NEAR_F, align 1, keep-with-next
     38          const char __compressed_data_attr http_root_level3[]=
   \                     http_root_level3:
   \   00000000   00                 DC8 0
     39          {
     40            0
     41          };
     42          

   \                                 In  segment NEAR_F, align 1, keep-with-next
     43          const char __compressed_data_attr http_401[]=
   \                     http_401:
   \   00000000   968D918022FB       DC8 141, 150, 128, 145, 251, 34, 128, 135, 128, 138, 128, 134, 128, 128
   \              87808A808680
   \              8080        
   \   0000000E   00                 DC8 0
     44          {
     45            141,150,128,145,_nonce_, 34,128,135,128,138,128,134,128,128,0
     46          };
     47          

   \                                 In  segment NEAR_F, align 1, keep-with-next
     48          const char __compressed_data_attr http_401stale[]=
   \                     http_401stale:
   \   00000000   968D918022FB       DC8 141, 150, 128, 145, 251, 34, 44, 32, 115, 116, 97, 108, 101, 61
   \              202C74736C61
   \              3D65        
   \   0000000E   727465758780       DC8 116, 114, 117, 101, 128, 135, 128, 138, 128, 134, 128, 128, 0
   \              8A8086808080
   \              00          
     49          {
     50            141,150,128,145,_nonce_, 34,',',' ','s','t','a','l','e','=','t','r','u',
     51            'e',128,135,128,138,128,134,128,128,0
     52          };
     53          

   \                                 In  segment NEAR_F, align 1, keep-with-next
     54          const char __compressed_data_attr http_404[]=
   \                     http_404:
   \   00000000   A08D87808A80       DC8 141, 160, 128, 135, 128, 138, 128, 134, 128, 128, 141, 160, 0
   \              86808080A08D
   \              00          
     55          {
     56            141,160,128,135,128,138,128,134,128,128,141,160,0
     57          };
     58          

   \                                 In  segment NEAR_F, align 1, keep-with-next
     59          const char __compressed_data_attr http_302[]=
   \                     http_302:
   \   00000000   9D8D87808A80       DC8 141, 157, 128, 135, 128, 138, 128, 134, 128, 154, 128, 128, 0
   \              86809A808080
   \              00          
     60          {
     61            141,157,128,135,128,138,128,134,128,154,128,128,0
     62          };
     63          

   \                                 In  segment NEAR_F, align 1, keep-with-next
     64          const char __compressed_data_attr http_302z[]=
   \                     http_302z:
   \   00000000   9D8D87808A80       DC8 141, 157, 128, 135, 128, 138, 128, 134, 128, 154, 122, 128, 128, 0
   \              86809A80807A
   \              0080        
     65          {
     66            141,157,128,135,128,138,128,134,128,154,'z',128,128,0
     67          };
     68          

   \                                 In  segment NEAR_F, align 1, keep-with-next
     69          const char __compressed_data_attr http_302s[]=
   \                     http_302s:
   \   00000000   9D8D87808A80       DC8 141, 157, 128, 135, 128, 138, 128, 134, 128, 154, 115, 128, 128, 0
   \              86809A808073
   \              0080        
     70          {
     71            141,157,128,135,128,138,128,134,128,154,'s',128,128,0
     72          };
     73          

   \                                 In  segment NEAR_F, align 1, keep-with-next
     74          const char __compressed_data_attr http_eeprom_refr_button[]=
   \                     http_eeprom_refr_button:
   \   00000000   65888C3E4522       DC8 136, 101, 62, 140, 34, 69, 69, 80, 82, 79, 77, 32, 170, 115, 116
   \              50454F52204D
   \              73AA74      
   \   0000000F   AA6F20643228       DC8 111, 170, 100, 32, 40, 50, 32, 102, 114, 111, 109, 32, 51, 41, 44
   \              66206F72206D
   \              29332C      
   \   0000001E   702073AA2073       DC8 32, 112, 170, 115, 115, 32, 102, 111, 114, 32, 170, 102, 170, 115
   \              6F66207266AA
   \              73AA        
   \   0000002C   2168942200         DC8 104, 33, 34, 148, 0
     75          {
     76            136,'e','>',140, 34,'E','E','P','R','O','M',' ',170,'s','t','o',170,
     77            'd',' ','(','2',' ','f','r','o','m',' ','3',')',',',' ','p',170,'s',
     78            's',' ','f','o','r',' ',170,'f',170,'s','h','!', 34,148,0
     79          };
     80          

   \                                 In  segment NEAR_F, align 1, keep-with-next
     81          const char __compressed_data_attr http_s[]=
   \                     http_s:
   \   00000000   A48D87808A80       DC8 141, 164, 128, 135, 128, 138, 128, 134, 128, 128, 60, 72, 84, 77
   \              86808080483C
   \              4D54        
   \   0000000E   9F4C45484441       DC8 76, 159, 72, 69, 65, 68, 159, 84, 73, 84, 76, 69, 62, 171, 155, 84
   \              549F5449454C
   \              AB3E549B    
   \   0000001E   5449454CAF9F       DC8 73, 84, 76, 69, 159, 175, 102, 117, 110, 99, 116, 105, 179, 32, 99
   \              7566636E6974
   \              20B363      
   \   0000002D   6F287B297609       DC8 40, 111, 41, 123, 9, 118, 97, 114, 32, 97, 48, 143, 48, 142, 114
   \              726161208F30
   \              8E3072      
   \   0000003C   A8305C775C73       DC8 48, 168, 119, 92, 115, 92, 46, 92, 45, 176, 49, 53, 158, 49, 143
   \              5C2EB02D3531
   \              319E8F      
   \   0000004B   8E31317264A8       DC8 49, 142, 114, 49, 168, 100, 176, 51, 158, 50, 143, 50, 142, 97, 51
   \              33B0329E328F
   \              618E33      
   \   0000005A   338F618E8F34       DC8 143, 51, 142, 97, 52, 143, 52, 142, 97, 53, 143, 53, 142, 114, 53
   \              8E343561358F
   \              728E35      
   \   00000069   64A835B0369E       DC8 168, 100, 176, 53, 158, 54, 143, 54, 142, 114, 54, 168, 119, 92, 46
   \              368F728EA836
   \              5C772E      
   \   00000078   2D5C7B5D2C30       DC8 92, 45, 93, 123, 48, 44, 51, 49, 125, 47, 59, 9, 105, 102, 32, 40
   \              31332F7D093B
   \              66692820    
   \   00000088   30723093309C       DC8 114, 48, 147, 48, 156, 48, 41, 32, 123, 97, 108, 101, 114, 116, 32
   \              2029617B656C
   \              747220      
   \   00000097   272861422064       DC8 40, 39, 66, 97, 100, 32, 182, 33, 39, 41, 59, 137, 114, 49, 147, 49
   \              21B62927893B
   \              31723193    
   \   000000A7   319CAD8B2221       DC8 156, 49, 139, 173, 33, 34, 41, 59, 137, 114, 49, 147, 50, 156, 50
   \              3B2972899331
   \              9C3232      
   \   000000B6   AD8B89983172       DC8 139, 173, 152, 137, 114, 49, 147, 51, 156, 51, 139, 173, 152, 137
   \              3393339CAD8B
   \              8998        
   \   000000C4   31723493349C       DC8 114, 49, 147, 52, 156, 52, 139, 173, 152, 137, 114, 53, 147, 53
   \              AD8B89983572
   \              3593        
   \   000000D2   359C708B726F       DC8 156, 53, 139, 112, 111, 114, 116, 152, 137, 114, 54, 147, 54, 156
   \              987472899336
   \              9C36        
   \   000000E0   8B3671AA6575       DC8 54, 139, 170, 113, 117, 101, 115, 116, 152, 137, 40, 40, 97, 49
   \              747389982828
   \              3161        
   \   000000EE   329933993499       DC8 153, 50, 153, 51, 153, 52, 45, 48, 41, 62, 50, 53, 53, 41, 139, 173
   \              302D3E293532
   \              2935AD8B    
   \   000000FE   899861282D35       DC8 152, 137, 40, 97, 53, 45, 48, 41, 62, 54, 53, 53, 51, 53, 139, 112
   \              2930363E3535
   \              3533708B    
   \   0000010E   726F9874A120       DC8 111, 114, 116, 152, 32, 161, 102, 97, 108, 115, 101, 59, 125, 161
   \              6166736C3B65
   \              A17D        
   \   0000011C   727465757D3B       DC8 116, 114, 117, 101, 59, 125, 155, 175, 155, 72, 69, 65, 68, 159, 66
   \              AF9B489B4145
   \              9F4442      
   \   0000012B   444F9F59AC97       DC8 79, 68, 89, 159, 151, 172, 149, 172, 84, 68, 32, 67, 79, 76, 83, 80
   \              AC9544544320
   \              4C4F5053    
   \   0000013B   4E41323DA59F       DC8 65, 78, 61, 50, 159, 165, 171, 32, 118, 49, 46, 48, 155, 165, 144
   \              20AB3176302E
   \              A59B90      
   \   0000014A   959BB13C2892       DC8 155, 149, 60, 177, 146, 40, 67, 41, 50, 48, 49, 48, 32, 98, 121, 32
   \              294330323031
   \              62202079    
   \   0000015A   2E415920AA65       DC8 65, 46, 32, 89, 101, 170, 122, 101, 121, 101, 118, 155, 84, 68, 159
   \              657A65799B76
   \              44549F      
   \   00000169   4454B29F3E2F       DC8 84, 68, 159, 178, 47, 62, 77, 97, 105, 110, 32, 112, 97, 103, 101
   \              614D6E697020
   \              676165      
   \   00000178   419B903EB19B       DC8 155, 65, 62, 144, 155, 177, 155, 151, 169, 159, 165, 83, 116, 97
   \              979B9FA953A5
   \              6174        
   \   00000186   697420B36573       DC8 116, 105, 179, 32, 115, 101, 116, 117, 112, 180, 35, 32, 213, 47
   \              7574B4702023
   \              2FD5        
   \   00000194   3531A59B7388       DC8 49, 53, 155, 165, 136, 115, 32, 179, 115, 117, 98, 109, 105, 116
   \              B32075736D62
   \              7469        
   \   000001A2   223D63A17428       DC8 61, 34, 161, 99, 40, 116, 104, 105, 115, 41, 59, 34, 62, 172, 151
   \              69682973223B
   \              AC3E97      
   \   000001B1   AC0992953AB6       DC8 9, 172, 149, 146, 182, 58, 144, 146, 129, 242, 166, 49, 54, 162, 34
   \              9290F28131A6
   \              A23622      
   \   000001C0   22D6903E9B09       DC8 214, 34, 62, 144, 9, 155, 149, 172, 149, 146, 173, 58, 144, 146
   \              AC9592953AAD
   \              9290        
   \   000001CE   F281D78281A3       DC8 129, 242, 130, 215, 163, 129, 242, 130, 216, 163, 129, 242, 130
   \              82F2A3D8F281
   \              82          
   \   000001DB   A3D9F281DA82       DC8 217, 163, 129, 242, 130, 218, 163, 144, 9, 155, 149, 172, 149, 146
   \              90A39B09AC95
   \              9295        
   \   000001E9   6F507472903A       DC8 80, 111, 114, 116, 58, 144, 146, 129, 242, 166, 53, 162, 219, 62
   \              8192A6F2A235
   \              3EDB        
   \   000001F7   0990959B95AC       DC8 144, 9, 155, 149, 172, 149, 146, 82, 101, 113, 117, 101, 115, 116
   \              529271656575
   \              7473        
   \   00000205   903A8192A6F2       DC8 58, 144, 146, 129, 242, 166, 51, 50, 162, 34, 220, 34, 62, 144, 9
   \              323322A222DC
   \              903E09      
   \   00000214   959B979B8C09       DC8 155, 149, 155, 151, 9, 140, 83, 69, 84, 148, 60, 151, 172, 177, 146
   \              45539454973C
   \              B1AC92      
   \   00000223   70888C3E5250       DC8 136, 112, 62, 140, 80, 82, 69, 86, 148, 144, 172, 84, 68, 62, 136
   \              5645909454AC
   \              3E4488      
   \   00000232   3E664E8C5845       DC8 102, 62, 140, 78, 69, 88, 84, 148, 144, 155, 177, 155, 151, 169
   \              94549B909BB1
   \              A997        
   \   00000240   B29F3E7AB343       DC8 159, 178, 122, 62, 67, 179, 102, 105, 103, 117, 170, 181, 112, 97
   \              69667567B5AA
   \              6170        
   \   0000024E   6172656D6574       DC8 114, 97, 109, 101, 116, 101, 114, 115, 32, 40, 78, 79, 84, 32, 83
   \              737228204F4E
   \              205453      
   \   0000025D   464121452121       DC8 65, 70, 69, 33, 33, 33, 41, 155, 65, 159, 66, 82, 159, 73, 159, 98
   \              9B299F415242
   \              499F629F    
   \   0000026D   753E694E656B       DC8 62, 117, 78, 105, 107, 101, 69, 49, 66, 32, 118, 50, 46, 48, 32
   \              314520423276
   \              302E20      
   \   0000027C   76AAFC200083       DC8 170, 118, 32, 252, 131, 0
     82          {
     83            141,164,128,135,128,138,128,134,128,128,'<','H','T','M','L',159,'H',
     84            'E','A','D',159,'T','I','T','L','E','>',171,155,'T','I','T','L','E',
     85            159,175,'f','u','n','c','t','i',179,' ','c','(','o',')','{',  9,'v',
     86            'a','r',' ','a','0',143,'0',142,'r','0',168,'w', 92,'s', 92,'.', 92,
     87            '-',176,'1','5',158,'1',143,'1',142,'r','1',168,'d',176,'3',158,'2',
     88            143,'2',142,'a','3',143,'3',142,'a','4',143,'4',142,'a','5',143,'5',
     89            142,'r','5',168,'d',176,'5',158,'6',143,'6',142,'r','6',168,'w', 92,
     90            '.', 92,'-',']','{','0',',','3','1','}','/',';',  9,'i','f',' ','(',
     91            'r','0',147,'0',156,'0',')',' ','{','a','l','e','r','t',' ','(', 39,
     92            'B','a','d',' ',182,'!', 39,')',';',137,'r','1',147,'1',156,'1',139,
     93            173,'!', 34,')',';',137,'r','1',147,'2',156,'2',139,173,152,137,'r',
     94            '1',147,'3',156,'3',139,173,152,137,'r','1',147,'4',156,'4',139,173,
     95            152,137,'r','5',147,'5',156,'5',139,'p','o','r','t',152,137,'r','6',
     96            147,'6',156,'6',139,170,'q','u','e','s','t',152,137,'(','(','a','1',
     97            153,'2',153,'3',153,'4','-','0',')','>','2','5','5',')',139,173,152,
     98            137,'(','a','5','-','0',')','>','6','5','5','3','5',139,'p','o','r',
     99            't',152,' ',161,'f','a','l','s','e',';','}',161,'t','r','u','e',';',
    100            '}',155,175,155,'H','E','A','D',159,'B','O','D','Y',159,151,172,149,
    101            172,'T','D',' ','C','O','L','S','P','A','N','=','2',159,165,171,' ',
    102            'v','1','.','0',155,165,144,155,149,'<',177,146,'(','C',')','2','0',
    103            '1','0',' ','b','y',' ','A','.',' ','Y','e',170,'z','e','y','e','v',
    104            155,'T','D',159,'T','D',159,178,'/','>','M','a','i','n',' ','p','a',
    105            'g','e',155,'A','>',144,155,177,155,151,169,159,165,'S','t','a','t',
    106            'i',179,' ','s','e','t','u','p',180,'#',' ',_radid1_,'/','1','5',155,165,
    107            136,'s',' ',179,'s','u','b','m','i','t','=', 34,161,'c','(','t','h',
    108            'i','s',')',';', 34,'>',172,151,  9,172,149,146,182,':',144,146,129,
    109            _select_name_,166,'1','6',162, 34,_radid2_, 34,'>',144,  9,155,149,172,149,146,173,
    110            ':',144,146,129,_select_name_,130,_radid3_,163,129,_select_name_,130,_radid4_,163,129,_select_name_,130,_radid5_,
    111            163,129,_select_name_,130,_radid6_,163,144,  9,155,149,172,149,146,'P','o','r','t',
    112            ':',144,146,129,_select_name_,166,'5',162,_radid7_,'>',144,  9,155,149,172,149,146,
    113            'R','e','q','u','e','s','t',':',144,146,129,_select_name_,166,'3','2',162, 34,
    114            _radid8_, 34,'>',144,  9,155,149,155,151,  9,140,'S','E','T',148,'<',151,
    115            172,177,146,136,'p','>',140,'P','R','E','V',148,144,172,'T','D','>',
    116            136,'f','>',140,'N','E','X','T',148,144,155,177,155,151,169,159,178,
    117            'z','>','C',179,'f','i','g','u',170,181,'p','a','r','a','m','e','t',
    118            'e','r','s',' ','(','N','O','T',' ','S','A','F','E','!','!','!',')',
    119            155,'A',159,'B','R',159,'I',159,'b','>','u','N','i','k','e','E','1',
    120            'B',' ','v','2','.','0',' ',170,'v',' ',_svn_revision_,131,0
    121          };
    122          

   \                                 In  segment NEAR_F, align 1, keep-with-next
    123          const char __compressed_data_attr * __compressed_data_attr CHUNKS[]=
   \                     CHUNKS:
   \   00000000   ........           DC16 `?<Constant "\\r\\n">`, `?<Constant "<INPUT TYPE=text NAME=">`
   \   00000004   ....               DC16 `?<Constant " SIZE=3 VALUE=">`
   \   00000006   ....               DC16 `?<Constant "</b><BR>Small hard/so...">`
   \   00000008   ....               DC16 `?<Constant "><BR><INPUT TYPE=subm...">`
   \   0000000A   ....               DC16 `?<Constant "<HTML><HEAD><TITLE>Ni...">`
   \   0000000C   ....               DC16 `?<Constant "Cache-Control: no-cache">`
   \   0000000E   ....               DC16 `?<Constant "Content-Type: text/html">`
   \   00000010   ....               DC16 `?<Constant "<FORM METHOD=POST ACT...">`
   \   00000012   ....               DC16 `?<Constant " return false;}\\tif (">`
   \   00000014   ....               DC16 `?<Constant "Connection: close">`
   \   00000016   ....               DC16 `?<Constant ") {alert (\\" Bad ">`
   \   00000018   ....               DC16 `?<Constant "<INPUT TYPE=submit VA...">`
   \   0000001A   ........           DC16 `?<Constant "HTTP/1.1 ">`, `?<Constant "].value;\\tvar ">`
   \   0000001E   ........           DC16 `?<Constant "=o.elements[">`, `?<Constant "</TD>\\t">`
   \   00000022   ....               DC16 `?<Constant "WWW-Authenticate: Dig...">`
   \   00000024   ........           DC16 `?<Constant "\\t\\t<TD>">`, `?<Constant ".exec(a">`
   \   00000028   ........           DC16 `?<Constant "></FORM>">`, `?<Constant "TR>\\t">`
   \   0000002C   ........           DC16 `?<Constant "401 Authorization Req...">`, `?<Constant "TABLE>">`
   \   00000030   ........           DC16 `?<Constant "!\\"); ">`, `?<Constant "-0)>255)||((a">`
   \   00000034   ........           DC16 `?<Constant "Location: /">`, `?<Constant "</">`
   \   00000038   ........           DC16 `?<Constant ")!=a">`, `?<Constant "302 Moved">`
   \   0000003C   ........           DC16 `?<Constant "}/;\\tvar a">`, `?<Constant "><">`
   \   00000040   ........           DC16 `?<Constant "404 Not found">`, `?<Constant "return ">`
   \   00000044   ........           DC16 `?<Constant " VALUE=">`, `?<Constant ">.">`
   \   00000048   ........           DC16 `?<Constant "200 OK">`, `?<Constant "H2>">`
   \   0000004C   ........           DC16 `?<Constant " SIZE=">`, `?<Constant "New ">`
   \   00000050   ............       DC16 `?<Constant "=/[\\\\">`, `?<Constant "<HR">`, `?<Constant "re">`
   \   00000056   ........           DC16 `?<Constant "Web Radio">`, `?<Constant "\\t<">`
   \   0000005A   ........           DC16 `?<Constant "IP">`, `?<Constant "password">`
   \   0000005E   ............       DC16 `?<Constant "script>">`, `?<Constant "]{1,">`, `?<Constant "TR>">`
   \   00000064   ............       DC16 `?<Constant "A HREF=">`, `?<Constant "on">`, `?<Constant ": ">`
   \   0000006A   ........           DC16 `?<Constant " gate ">`, `?<Constant "LCD ID">`

   \                                 In  segment NEAR_F, align 1, keep-with-next
   \                     `?<Constant "\\r\\n">`:
   \   00000000   0A0D00             DC8 "\015\012"

   \                                 In  segment NEAR_F, align 1, keep-with-next
   \                     `?<Constant "<INPUT TYPE=text NAME=">`:
   \   00000000   493C504E5455       DC8 "<INPUT TYPE=text NAME="
   \              542050593D45
   \              657474784E20
   \              4D413D4500  

   \                                 In  segment NEAR_F, align 1, keep-with-next
   \                     `?<Constant " SIZE=3 VALUE=">`:
   \   00000000   53205A493D45       DC8 " SIZE=3 VALUE="
   \              20334156554C
   \              3D4500      

   \                                 In  segment NEAR_F, align 1, keep-with-next
   \                     `?<Constant "</b><BR>Small hard/so...">`:
   \   00000000   2F3C3E62423C       DC8 3CH, 2FH, 62H, 3EH, 3CH, 42H, 52H, 3EH
   \              3E52        
   \   00000008   6D536C61206C       DC8 53H, 6DH, 61H, 6CH, 6CH, 20H, 68H, 61H
   \              6168        
   \   00000010   6472732F666F       DC8 72H, 64H, 2FH, 73H, 6FH, 66H, 74H, 20H
   \              2074        
   \   00000018   6F6620726D45       DC8 66H, 6FH, 72H, 20H, 45H, 6DH, 62H, 65H
   \              6562        
   \   00000020   646464654520       DC8 64H, 64H, 65H, 64H, 20H, 45H, 74H, 68H
   \              6874        
   \   00000028   7265656E3C74       DC8 65H, 72H, 6EH, 65H, 74H, 3CH, 2FH, 49H
   \              492F        
   \   00000030   3C3E52423C3E       DC8 3EH, 3CH, 42H, 52H, 3EH, 3CH, 41H, 20H
   \              2041        
   \   00000038   52484645683D       DC8 48H, 52H, 45H, 46H, 3DH, 68H, 74H, 74H
   \              7474        
   \   00000040   3A702F2F6263       DC8 70H, 3AH, 2FH, 2FH, 63H, 62H, 73H, 69H
   \              6973        
   \   00000048   2E657964646E       DC8 65H, 2EH, 64H, 79H, 6EH, 64H, 6EH, 73H
   \              736E        
   \   00000050   692E666E3E6F       DC8 2EH, 69H, 6EH, 66H, 6FH, 3EH, 43H, 42H
   \              4243        
   \   00000058   495320455148       DC8 53H, 49H, 45H, 20H, 48H, 51H, 3CH, 2FH
   \              2F3C        
   \   00000060   3E412D203120       DC8 41H, 3EH, 20H, 2DH, 20H, 31H, 38H, 20H
   \              2038        
   \   00000068   655972612073       DC8 59H, 65H, 61H, 72H, 73H, 20H, 6FH, 66H
   \              666F        
   \   00000070   47206F6C7972       DC8 20H, 47H, 6CH, 6FH, 72H, 79H, 3CH, 2FH
   \              2F3C        
   \   00000078   4F4259443C3E       DC8 42H, 4FH, 44H, 59H, 3EH, 3CH, 2FH, 48H
   \              482F        
   \   00000080   4D543E4C00         DC8 54H, 4DH, 4CH, 3EH, 0

   \                                 In  segment NEAR_F, align 1, keep-with-next
   \                     `?<Constant "><BR><INPUT TYPE=subm...">`:
   \   00000000   3C3E52423C3E       DC8 3EH, 3CH, 42H, 52H, 3EH, 3CH, 49H, 4EH
   \              4E49        
   \   00000008   555020545954       DC8 50H, 55H, 54H, 20H, 54H, 59H, 50H, 45H
   \              4550        
   \   00000010   733D6275696D       DC8 3DH, 73H, 75H, 62H, 6DH, 69H, 74H, 20H
   \              2074        
   \   00000018   4156554C3D45       DC8 56H, 41H, 4CH, 55H, 45H, 3DH, 53H, 45H
   \              4553        
   \   00000020   3E542F3C4F46       DC8 54H, 3EH, 3CH, 2FH, 46H, 4FH, 52H, 4DH
   \              4D52        
   \   00000028   3C3E52483C3E       DC8 3EH, 3CH, 48H, 52H, 3EH, 3CH, 46H, 4FH
   \              4F46        
   \   00000030   4D524D205445       DC8 52H, 4DH, 20H, 4DH, 45H, 54H, 48H, 4FH
   \              4F48        
   \   00000038   3D444F505453       DC8 44H, 3DH, 50H, 4FH, 53H, 54H, 20H, 41H
   \              4120        
   \   00000040   54434F493D4E       DC8 43H, 54H, 49H, 4FH, 4EH, 3DH, 72H, 3EH
   \              3E72        
   \   00000048   493C504E5455       DC8 3CH, 49H, 4EH, 50H, 55H, 54H, 20H, 54H
   \              5420        
   \   00000050   50593D457573       DC8 59H, 50H, 45H, 3DH, 73H, 75H, 62H, 6DH
   \              6D62        
   \   00000058   746956204C41       DC8 69H, 74H, 20H, 56H, 41H, 4CH, 55H, 45H
   \              4555        
   \   00000060   223D65526F62       DC8 3DH, 22H, 52H, 65H, 62H, 6FH, 6FH, 74H
   \              746F        
   \   00000068   642076656369       DC8 20H, 64H, 65H, 76H, 69H, 63H, 65H, 20H
   \              2065        
   \   00000070   6E6120647375       DC8 61H, 6EH, 64H, 20H, 75H, 73H, 65H, 20H
   \              2065        
   \   00000078   6C61206C656E       DC8 61H, 6CH, 6CH, 20H, 6EH, 65H, 77H, 20H
   \              2077        
   \   00000080   657374746769       DC8 73H, 65H, 74H, 74H, 69H, 67H, 6EH, 73H
   \              736E        
   \   00000088   22213C3E462F       DC8 21H, 22H, 3EH, 3CH, 2FH, 46H, 4FH, 52H
   \              524F        
   \   00000090   3E4D483C3E52       DC8 4DH, 3EH, 3CH, 48H, 52H, 3EH, 3CH, 41H
   \              413C        
   \   00000098   482045523D46       DC8 20H, 48H, 52H, 45H, 46H, 3DH, 7AH, 3EH
   \              3E7A        
   \   000000A0   6F43666E6769       DC8 43H, 6FH, 6EH, 66H, 69H, 67H, 75H, 72H
   \              7275        
   \   000000A8   206561676574       DC8 65H, 20H, 67H, 61H, 74H, 65H, 20H, 70H
   \              7020        
   \   000000B0   72616D617465       DC8 61H, 72H, 61H, 6DH, 65H, 74H, 65H, 72H
   \              7265        
   \   000000B8   20734E28544F       DC8 73H, 20H, 28H, 4EH, 4FH, 54H, 20H, 53H
   \              5320        
   \   000000C0   464121452121       DC8 41H, 46H, 45H, 21H, 21H, 21H, 29H, 3CH
   \              3C29        
   \   000000C8   412F3C3E5242       DC8 2FH, 41H, 3EH, 3CH, 42H, 52H, 3EH, 3CH
   \              3C3E        
   \   000000D0   3E49623C753E       DC8 49H, 3EH, 3CH, 62H, 3EH, 75H, 4EH, 69H
   \              694E        
   \   000000D8   656B31452042       DC8 6BH, 65H, 45H, 31H, 42H, 20H, 76H, 32H
   \              3276        
   \   000000E0   302E72207665       DC8 2EH, 30H, 20H, 72H, 65H, 76H, 20H, 0
   \              0020        

   \                                 In  segment NEAR_F, align 1, keep-with-next
   \                     `?<Constant "<HTML><HEAD><TITLE>Ni...">`:
   \   00000000   483C4D543E4C       DC8 3CH, 48H, 54H, 4DH, 4CH, 3EH, 3CH, 48H
   \              483C        
   \   00000008   41453E44543C       DC8 45H, 41H, 44H, 3EH, 3CH, 54H, 49H, 54H
   \              5449        
   \   00000010   454C4E3E6B69       DC8 4CH, 45H, 3EH, 4EH, 69H, 6BH, 65H, 45H
   \              4565        
   \   00000018   42312F3C4954       DC8 31H, 42H, 3CH, 2FH, 54H, 49H, 54H, 4CH
   \              4C54        
   \   00000020   3E452F3C4548       DC8 45H, 3EH, 3CH, 2FH, 48H, 45H, 41H, 44H
   \              4441        
   \   00000028   3C3E4F425944       DC8 3EH, 3CH, 42H, 4FH, 44H, 59H, 3EH, 3CH
   \              3C3E        
   \   00000030   41544C423E45       DC8 54H, 41H, 42H, 4CH, 45H, 3EH, 3CH, 54H
   \              543C        
   \   00000038   3E52543C2044       DC8 52H, 3EH, 3CH, 54H, 44H, 20H, 43H, 4FH
   \              4F43        
   \   00000040   534C41503D4E       DC8 4CH, 53H, 50H, 41H, 4EH, 3DH, 32H, 3EH
   \              3E32        
   \   00000048   483C3E32694E       DC8 3CH, 48H, 32H, 3EH, 4EH, 69H, 6BH, 65H
   \              656B        
   \   00000050   314520423176       DC8 45H, 31H, 42H, 20H, 76H, 31H, 2EH, 30H
   \              302E        
   \   00000058   2F3C32483C3E       DC8 3CH, 2FH, 48H, 32H, 3EH, 3CH, 2FH, 54H
   \              542F        
   \   00000060   3E442F3C5254       DC8 44H, 3EH, 3CH, 2FH, 54H, 52H, 3EH, 3CH
   \              3C3E        
   \   00000068   52543C3E4454       DC8 54H, 52H, 3EH, 3CH, 54H, 44H, 3EH, 28H
   \              283E        
   \   00000070   294330323930       DC8 43H, 29H, 32H, 30H, 30H, 39H, 20H, 62H
   \              6220        
   \   00000078   207973523774       DC8 79H, 20H, 52H, 73H, 74H, 37H, 2FH, 43H
   \              432F        
   \   00000080   534245492F3C       DC8 42H, 53H, 49H, 45H, 3CH, 2FH, 54H, 44H
   \              4454        
   \   00000088   3C3E44543C3E       DC8 3EH, 3CH, 54H, 44H, 3EH, 3CH, 41H, 20H
   \              2041        
   \   00000090   524846452F3D       DC8 48H, 52H, 45H, 46H, 3DH, 2FH, 3EH, 4DH
   \              4D3E        
   \   00000098   6961206E6170       DC8 61H, 69H, 6EH, 20H, 70H, 61H, 67H, 65H
   \              6567        
   \   000000A0   2F3C3E412F3C       DC8 3CH, 2FH, 41H, 3EH, 3CH, 2FH, 54H, 44H
   \              4454        
   \   000000A8   3C3E542F3E52       DC8 3EH, 3CH, 2FH, 54H, 52H, 3EH, 3CH, 2FH
   \              2F3C        
   \   000000B0   41544C423E45       DC8 54H, 41H, 42H, 4CH, 45H, 3EH, 0
   \              00          

   \                                 In  segment NEAR_F, align 1, keep-with-next
   \                     `?<Constant "Cache-Control: no-cache">`:
   \   00000000   614368632D65       DC8 "Cache-Control: no-cache"
   \              6F43746E6F72
   \              3A6C6E202D6F
   \              616368630065

   \                                 In  segment NEAR_F, align 1, keep-with-next
   \                     `?<Constant "Content-Type: text/html">`:
   \   00000000   6F43746E6E65       DC8 "Content-Type: text/html"
   \              2D7479546570
   \              203A65747478
   \              682F6D74006C

   \                                 In  segment NEAR_F, align 1, keep-with-next
   \                     `?<Constant "<FORM METHOD=POST ACT...">`:
   \   00000000   463C524F204D       DC8 "<FORM METHOD=POST ACTION="
   \              454D4854444F
   \              503D534F2054
   \              434149544E4F
   \              003D        

   \                                 In  segment NEAR_F, align 1, keep-with-next
   \                     `?<Constant " return false;}\\tif (">`:
   \   00000000   722074657275       DC8 " return false;}\011if ("
   \              206E6166736C
   \              3B65097D6669
   \              282000      

   \                                 In  segment NEAR_F, align 1, keep-with-next
   \                     `?<Constant "Connection: close">`:
   \   00000000   6F436E6E6365       DC8 "Connection: close"
   \              69746E6F203A
   \              6C63736F0065

   \                                 In  segment NEAR_F, align 1, keep-with-next
   \                     `?<Constant ") {alert (\\" Bad ">`:
   \   00000000   2029617B656C       DC8 ") {alert (\" Bad "
   \              747228202022
   \              6142206400  

   \                                 In  segment NEAR_F, align 1, keep-with-next
   \                     `?<Constant "<INPUT TYPE=submit VA...">`:
   \   00000000   493C504E5455       DC8 "<INPUT TYPE=submit VALUE="
   \              542050593D45
   \              75736D627469
   \              56204C414555
   \              003D        

   \                                 In  segment NEAR_F, align 1, keep-with-next
   \                     `?<Constant "HTTP/1.1 ">`:
   \   00000000   54485054312F       DC8 "HTTP/1.1 "
   \              312E0020    

   \                                 In  segment NEAR_F, align 1, keep-with-next
   \                     `?<Constant "].value;\\tvar ">`:
   \   00000000   2E5D6176756C       DC8 "].value;\011var "
   \              3B6576097261
   \              0020        

   \                                 In  segment NEAR_F, align 1, keep-with-next
   \                     `?<Constant "=o.elements[">`:
   \   00000000   6F3D652E656C       DC8 "=o.elements["
   \              656D746E5B73
   \              00          

   \                                 In  segment NEAR_F, align 1, keep-with-next
   \                     `?<Constant "</TD>\\t">`:
   \   00000000   2F3C4454093E       DC8 "</TD>\011"
   \              00          

   \                                 In  segment NEAR_F, align 1, keep-with-next
   \                     `?<Constant "WWW-Authenticate: Dig...">`:
   \   00000000   57572D577541       DC8 "WWW-Authenticate: Digest realm=\"uNikeE\", nonce=\""
   \              68746E656974
   \              61636574203A
   \              694465677473
   \              722061656D6C
   \              223D4E756B69
   \              45652C226E20
   \              6E6F6563223D
   \              00          

   \                                 In  segment NEAR_F, align 1, keep-with-next
   \                     `?<Constant "\\t\\t<TD>">`:
   \   00000000   0909543C3E44       DC8 "\011\011<TD>"
   \              00          

   \                                 In  segment NEAR_F, align 1, keep-with-next
   \                     `?<Constant ".exec(a">`:
   \   00000000   652E65782863       DC8 ".exec(a"
   \              0061        

   \                                 In  segment NEAR_F, align 1, keep-with-next
   \                     `?<Constant "></FORM>">`:
   \   00000000   3C3E462F524F       DC8 "></FORM>"
   \              3E4D00      

   \                                 In  segment NEAR_F, align 1, keep-with-next
   \                     `?<Constant "TR>\\t">`:
   \   00000000   5254093E00         DC8 "TR>\011"

   \                                 In  segment NEAR_F, align 1, keep-with-next
   \                     `?<Constant "401 Authorization Req...">`:
   \   00000000   303420317541       DC8 "401 Authorization Required"
   \              6874726F7A69
   \              74616F69206E
   \              655275717269
   \              646500      

   \                                 In  segment NEAR_F, align 1, keep-with-next
   \                     `?<Constant "TABLE>">`:
   \   00000000   41544C423E45       DC8 "TABLE>"
   \              00          

   \                                 In  segment NEAR_F, align 1, keep-with-next
   \                     `?<Constant "!\\"); ">`:
   \   00000000   22213B290020       DC8 "!\"); "

   \                                 In  segment NEAR_F, align 1, keep-with-next
   \                     `?<Constant "-0)>255)||((a">`:
   \   00000000   302D3E293532       DC8 "-0)>255)||((a"
   \              29357C7C2828
   \              0061        

   \                                 In  segment NEAR_F, align 1, keep-with-next
   \                     `?<Constant "Location: /">`:
   \   00000000   6F4C61636974       DC8 "Location: /"
   \              6E6F203A002F

   \                                 In  segment NEAR_F, align 1, keep-with-next
   \                     `?<Constant "</">`:
   \   00000000   2F3C00             DC8 "</"

   \                                 In  segment NEAR_F, align 1, keep-with-next
   \                     `?<Constant ")!=a">`:
   \   00000000   2129613D00         DC8 ")!=a"

   \                                 In  segment NEAR_F, align 1, keep-with-next
   \                     `?<Constant "302 Moved">`:
   \   00000000   303320326F4D       DC8 "302 Moved"
   \              65760064    

   \                                 In  segment NEAR_F, align 1, keep-with-next
   \                     `?<Constant "}/;\\tvar a">`:
   \   00000000   2F7D093B6176       DC8 "}/;\011var a"
   \              20720061    

   \                                 In  segment NEAR_F, align 1, keep-with-next
   \                     `?<Constant "><">`:
   \   00000000   3C3E00             DC8 "><"

   \                                 In  segment NEAR_F, align 1, keep-with-next
   \                     `?<Constant "404 Not found">`:
   \   00000000   303420346F4E       DC8 "404 Not found"
   \              20746F666E75
   \              0064        

   \                                 In  segment NEAR_F, align 1, keep-with-next
   \                     `?<Constant "return ">`:
   \   00000000   657275746E72       DC8 "return "
   \              0020        

   \                                 In  segment NEAR_F, align 1, keep-with-next
   \                     `?<Constant " VALUE=">`:
   \   00000000   56204C414555       DC8 " VALUE="
   \              003D        

   \                                 In  segment NEAR_F, align 1, keep-with-next
   \                     `?<Constant ">.">`:
   \   00000000   2E3E00             DC8 ">."

   \                                 In  segment NEAR_F, align 1, keep-with-next
   \                     `?<Constant "200 OK">`:
   \   00000000   303220304B4F       DC8 "200 OK"
   \              00          

   \                                 In  segment NEAR_F, align 1, keep-with-next
   \                     `?<Constant "H2>">`:
   \   00000000   3248003E           DC8 "H2>"

   \                                 In  segment NEAR_F, align 1, keep-with-next
   \                     `?<Constant " SIZE=">`:
   \   00000000   53205A493D45       DC8 " SIZE="
   \              00          

   \                                 In  segment NEAR_F, align 1, keep-with-next
   \                     `?<Constant "New ">`:
   \   00000000   654E207700         DC8 "New "

   \                                 In  segment NEAR_F, align 1, keep-with-next
   \                     `?<Constant "=/[\\\\">`:
   \   00000000   2F3D5C5B00         DC8 "=/[\\"

   \                                 In  segment NEAR_F, align 1, keep-with-next
   \                     `?<Constant "<HR">`:
   \   00000000   483C0052           DC8 "<HR"

   \                                 In  segment NEAR_F, align 1, keep-with-next
   \                     `?<Constant "re">`:
   \   00000000   657200             DC8 "re"

   \                                 In  segment NEAR_F, align 1, keep-with-next
   \                     `?<Constant "Web Radio">`:
   \   00000000   655720626152       DC8 "Web Radio"
   \              6964006F    

   \                                 In  segment NEAR_F, align 1, keep-with-next
   \                     `?<Constant "\\t<">`:
   \   00000000   3C0900             DC8 "\011<"

   \                                 In  segment NEAR_F, align 1, keep-with-next
   \                     `?<Constant "IP">`:
   \   00000000   504900             DC8 "IP"

   \                                 In  segment NEAR_F, align 1, keep-with-next
   \                     `?<Constant "password">`:
   \   00000000   617073736F77       DC8 "password"
   \              647200      

   \                                 In  segment NEAR_F, align 1, keep-with-next
   \                     `?<Constant "script>">`:
   \   00000000   637369727470       DC8 "script>"
   \              003E        

   \                                 In  segment NEAR_F, align 1, keep-with-next
   \                     `?<Constant "]{1,">`:
   \   00000000   7B5D2C3100         DC8 "]{1,"

   \                                 In  segment NEAR_F, align 1, keep-with-next
   \                     `?<Constant "TR>">`:
   \   00000000   5254003E           DC8 "TR>"

   \                                 In  segment NEAR_F, align 1, keep-with-next
   \                     `?<Constant "A HREF=">`:
   \   00000000   204152484645       DC8 "A HREF="
   \              003D        

   \                                 In  segment NEAR_F, align 1, keep-with-next
   \                     `?<Constant "on">`:
   \   00000000   6E6F00             DC8 "on"

   \                                 In  segment NEAR_F, align 1, keep-with-next
   \                     `?<Constant ": ">`:
   \   00000000   203A00             DC8 ": "

   \                                 In  segment NEAR_F, align 1, keep-with-next
   \                     `?<Constant " gate ">`:
   \   00000000   672074612065       DC8 " gate "
   \              00          

   \                                 In  segment NEAR_F, align 1, keep-with-next
   \                     `?<Constant "LCD ID">`:
   \   00000000   434C20444449       DC8 "LCD ID"
   \              00          
    124          
    125          {
    126            //128
    127            "\x0D\x0A",
    128            //129
    129            "<INPUT TYPE=text NAME=",
    130            //130
    131            " SIZE=3 VALUE=",
    132            //131
    133            "</b><BR>Small hard/soft for Embedded Ethernet</I><BR><A HREF=http://cbsie.dyndns.info>CBSIE HQ</A> - 18 Years of Glory</BODY></HTML>",
    134            //132
    135            "><BR><INPUT TYPE=submit VALUE=SET></FORM><HR><FORM METHOD=POST ACTION=r><INPUT TYPE=submit VALUE=\x22Reboot device and use all new settigns!\x22></FORM><HR><A HREF=z>Configure gate parameters (NOT SAFE!!!)</A><BR><I><b>uNikeE1B v2.0 rev ",
    136            //133
    137            "<HTML><HEAD><TITLE>NikeE1B</TITLE></HEAD><BODY><TABLE><TR><TD COLSPAN=2><H2>NikeE1B v1.0</H2></TD></TR><TR><TD>(C)2009 by Rst7/CBSIE</TD><TD><A HREF=/>Main page</A></TD></TR></TABLE>",
    138            //134
    139            "Cache-Control: no-cache",
    140            //135
    141            "Content-Type: text/html",
    142            //136
    143            "<FORM METHOD=POST ACTION=",
    144            //137
    145            " return false;}\x09if (",
    146            //138
    147            "Connection: close",
    148            //139
    149            ") {alert (\x22 Bad ",
    150            //140
    151            "<INPUT TYPE=submit VALUE=",
    152            //141
    153            "HTTP/1.1 ",
    154            //142
    155            "].value;\x09var ",
    156            //143
    157            "=o.elements[",
    158            //144
    159            "</TD>\x09",
    160            //145
    161            "WWW-Authenticate: Digest realm=\x22uNikeE\x22, nonce=\x22",
    162            //146
    163            "\x09\x09<TD>",
    164            //147
    165            ".exec(a",
    166            //148
    167            "></FORM>",
    168            //149
    169            "TR>\x09",
    170            //150
    171            "401 Authorization Required",
    172            //151
    173            "TABLE>",
    174            //152
    175            "!\x22); ",
    176            //153
    177            "-0)>255)||((a",
    178            //154
    179            "Location: /",
    180            //155
    181            "</",
    182            //156
    183            ")!=a",
    184            //157
    185            "302 Moved",
    186            //158
    187            "}/;\x09var a",
    188            //159
    189            "><",
    190            //160
    191            "404 Not found",
    192            //161
    193            "return ",
    194            //162
    195            " VALUE=",
    196            //163
    197            ">.",
    198            //164
    199            "200 OK",
    200            //165
    201            "H2>",
    202            //166
    203            " SIZE=",
    204            //167
    205            "New ",
    206            //168
    207            "=/[\x5C",
    208            //169
    209            "<HR",
    210            //170
    211            "re",
    212            //171
    213            "Web Radio",
    214            //172
    215            "\x09<",
    216            //173
    217            "IP",
    218            //174
    219            "password",
    220            //175
    221            "script>",
    222            //176
    223            "]{1,",
    224            //177
    225            "TR>",
    226            //178
    227            "A HREF=",
    228            //179
    229            "on",
    230            //180
    231            ": ",
    232            //181
    233            " gate ",
    234            //182
    235            "LCD ID",
    236          };
    237          


   Segment part sizes:

     Function/Label                         Bytes
     --------------                         -----
     http_root                                78
     http_z                                  178
     http_root_level1                         17
     http_root_level2                          1
     http_root_level3                          1
     http_401                                 15
     http_401stale                            27
     http_404                                 13
     http_302                                 13
     http_302z                                14
     http_302s                                14
     http_eeprom_refr_button                  49
     http_s                                  642
     CHUNKS                                  110
     ?<Constant "\r\n">                        3
     ?<Constant "<INPUT TYPE=text NAME=">     23
     ?<Constant " SIZE=3 VALUE=">             15
     ?<Constant "</b><BR>Small hard/so...">  133
     ?<Constant "><BR><INPUT TYPE=subm...">  232
     ?<Constant "<HTML><HEAD><TITLE>Ni...">  183
     ?<Constant "Cache-Control: no-cache">    24
     ?<Constant "Content-Type: text/html">    24
     ?<Constant "<FORM METHOD=POST ACT...">   26
     ?<Constant " return false;}\tif (">      21
     ?<Constant "Connection: close">          18
     ?<Constant ") {alert (\" Bad ">          17
     ?<Constant "<INPUT TYPE=submit VA...">   26
     ?<Constant "HTTP/1.1 ">                  10
     ?<Constant "].value;\tvar ">             14
     ?<Constant "=o.elements[">               13
     ?<Constant "</TD>\t">                     7
     ?<Constant "WWW-Authenticate: Dig...">   49
     ?<Constant "\t\t<TD>">                    7
     ?<Constant ".exec(a">                     8
     ?<Constant "></FORM>">                    9
     ?<Constant "TR>\t">                       5
     ?<Constant "401 Authorization Req...">   27
     ?<Constant "TABLE>">                      7
     ?<Constant "!\"); ">                      6
     ?<Constant "-0)>255)||((a">              14
     ?<Constant "Location: /">                12
     ?<Constant "</">                          3
     ?<Constant ")!=a">                        5
     ?<Constant "302 Moved">                  10
     ?<Constant "}/;\tvar a">                 10
     ?<Constant "><">                          3
     ?<Constant "404 Not found">              14
     ?<Constant "return ">                     8
     ?<Constant " VALUE=">                     8
     ?<Constant ">.">                          3
     ?<Constant "200 OK">                      7
     ?<Constant "H2>">                         4
     ?<Constant " SIZE=">                      7
     ?<Constant "New ">                        5
     ?<Constant "=/[\\">                       5
     ?<Constant "<HR">                         4
     ?<Constant "re">                          3
     ?<Constant "Web Radio">                  10
     ?<Constant "\t<">                         3
     ?<Constant "IP">                          3
     ?<Constant "password">                    9
     ?<Constant "script>">                     8
     ?<Constant "]{1,">                        5
     ?<Constant "TR>">                         4
     ?<Constant "A HREF=">                     8
     ?<Constant "on">                          3
     ?<Constant ": ">                          3
     ?<Constant " gate ">                      7
     ?<Constant "LCD ID">                      7

 
 2 274 bytes in segment NEAR_F
 
 2 274 bytes of CODE memory

Errors: none
Warnings: none
