###############################################################################
#                                                                             #
#                                                       17/Feb/2010  18:31:07 #
# IAR C/C++ Compiler V5.30.0.20166/W32, Evaluation Version  for Atmel AVR     #
# Copyright 1996-2009 IAR Systems AB.                                         #
#                                                                             #
#    Source file  =  G:\AVR\EthRadio_buf_inline\station.c                     #
#    Command line =  --string_literals_in_flash G:\AVR\EthRadio_buf_inline\st #
#                    ation.c --cpu=m32 -ms -o G:\AVR\EthRadio_buf_inline\Debu #
#                    g\Obj\ -lC G:\AVR\EthRadio_buf_inline\Debug\List\ -lB    #
#                    G:\AVR\EthRadio_buf_inline\Debug\List\                   #
#                    --initializers_in_flash -s9 --no_code_motion --debug     #
#                    -DENABLE_BIT_DEFINITIONS -e -I "C:\Program Files\IAR     #
#                    Systems\Embedded Workbench Evaluation 5.3\avr\INC\" -I   #
#                    "C:\Program Files\IAR Systems\Embedded Workbench         #
#                    Evaluation 5.3\avr\INC\CLIB\" --eeprom_size 1024         #
#                    --lock_regs=1                                            #
#    List file    =  G:\AVR\EthRadio_buf_inline\Debug\List\station.lst        #
#    Object file  =  G:\AVR\EthRadio_buf_inline\Debug\Obj\station.r90         #
#                                                                             #
#                                                                             #
###############################################################################

G:\AVR\EthRadio_buf_inline\station.c
      1          #include "compiler.h"
      2          #include "stdafx.h"
      3          #include "station.h"
      4          #include "nike_e.h"
      5          

   \                                 In  segment NEAR_Z, align 1, keep-with-next
   \   00000000                      REQUIRE `?<Segment init: NEAR_Z>`
      6          volatile UREG stationNum;
   \                     stationNum:
   \   00000000                      DS8 1
      7          

   \                                 In  segment EEPROM_I, align 1, keep-with-next
      8          __eeprom char stationNum_EEPROM=1;
   \                     stationNum_EEPROM:
   \   00000000   01                 DC8 1
      9          

   \                                 In  segment EEPROM_I, align 1, keep-with-next
     10          __eeprom STATION station_list[16] = {\
   \                     station_list:
   \   00000000   DC423403           DD 872668226
   \   00000004   1B68               DC16 7016
   \   00000006   00                 DC8 ""
   \   00000007   000000000000       DC8 0, 0, 0, 0, 0, 0, 0, 0, 0, 0, 0, 0, 0, 0, 0, 0
   \              000000000000
   \              00000000    
   \   00000017   000000000000       DC8 0, 0, 0, 0, 0, 0, 0, 0, 0, 0, 0, 0, 0, 0, 0
   \              000000000000
   \              000000      
   \   00000026   2E314D465420       DC8 "1.FM TOP40"
   \              504F303400  
   \   00000031   0000000000         DC8 0, 0, 0, 0, 0
   \   00000036   0D48775D           DD 2002586952
   \   0000003A   1B9E               DC16 7070
   \   0000003C   00                 DC8 ""
   \   0000003D   000000000000       DC8 0, 0, 0, 0, 0, 0, 0, 0, 0, 0, 0, 0, 0, 0, 0, 0
   \              000000000000
   \              00000000    
   \   0000004D   000000000000       DC8 0, 0, 0, 0, 0, 0, 0, 0, 0, 0, 0, 0, 0, 0, 0
   \              000000000000
   \              000000      
   \   0000005C   2E314D464320       DC8 "1.FM Classical"
   \              616C73736369
   \              6C6100      
   \   0000006B   00                 DC8 0
   \   0000006C   0D48775D           DD 2002586952
   \   00000070   1BAA               DC16 7082
   \   00000072   00                 DC8 ""
   \   00000073   000000000000       DC8 0, 0, 0, 0, 0, 0, 0, 0, 0, 0, 0, 0, 0, 0, 0, 0
   \              000000000000
   \              00000000    
   \   00000083   000000000000       DC8 0, 0, 0, 0, 0, 0, 0, 0, 0, 0, 0, 0, 0, 0, 0
   \              000000000000
   \              000000      
   \   00000092   2E314D464220       DC8 "1.FM BaySm.Jazz"
   \              79616D534A2E
   \              7A61007A    
   \   000000A2   0D48775D           DD 2002586952
   \   000000A6   1B7C               DC16 7036
   \   000000A8   00                 DC8 ""
   \   000000A9   000000000000       DC8 0, 0, 0, 0, 0, 0, 0, 0, 0, 0, 0, 0, 0, 0, 0, 0
   \              000000000000
   \              00000000    
   \   000000B9   000000000000       DC8 0, 0, 0, 0, 0, 0, 0, 0, 0, 0, 0, 0, 0, 0, 0
   \              000000000000
   \              000000      
   \   000000C8   2E314D463920       DC8 "1.FM 90's"
   \              27300073    
   \   000000D2   000000000000       DC8 0, 0, 0, 0, 0, 0
   \   000000D8   1A481CCC           DD 483138120
   \   000000DC   14CC               DC16 5324
   \   000000DE   00                 DC8 ""
   \   000000DF   000000000000       DC8 0, 0, 0, 0, 0, 0, 0, 0, 0, 0, 0, 0, 0, 0, 0, 0
   \              000000000000
   \              00000000    
   \   000000EF   000000000000       DC8 0, 0, 0, 0, 0, 0, 0, 0, 0, 0, 0, 0, 0, 0, 0
   \              000000000000
   \              000000      
   \   000000FE   4944462E204D       DC8 "DI.FM Cl.Euro"
   \              6C43452E7275
   \              006F        
   \   0000010C   0000               DC8 0, 0
   \   0000010E   1A481CCC           DD 483138120
   \   00000112   144A               DC16 5194
   \   00000114   00                 DC8 ""
   \   00000115   000000000000       DC8 0, 0, 0, 0, 0, 0, 0, 0, 0, 0, 0, 0, 0, 0, 0, 0
   \              000000000000
   \              00000000    
   \   00000125   000000000000       DC8 0, 0, 0, 0, 0, 0, 0, 0, 0, 0, 0, 0, 0, 0, 0
   \              000000000000
   \              000000      
   \   00000134   4944462E204D       DC8 "DI.FM Ambient"
   \              6D4169626E65
   \              0074        
   \   00000142   0000               DC8 0, 0
   \   00000144   1A481CCC           DD 483138120
   \   00000148   1670               DC16 5744
   \   0000014A   00                 DC8 ""
   \   0000014B   000000000000       DC8 0, 0, 0, 0, 0, 0, 0, 0, 0, 0, 0, 0, 0, 0, 0, 0
   \              000000000000
   \              00000000    
   \   0000015B   000000000000       DC8 0, 0, 0, 0, 0, 0, 0, 0, 0, 0, 0, 0, 0, 0, 0
   \              000000000000
   \              000000      
   \   0000016A   61446554706D       DC8 "DaTempo Lounge"
   \              206F6F4C6E75
   \              656700      
   \   00000179   00                 DC8 0
   \   0000017A   1A481CCC           DD 483138120
   \   0000017E   16CA               DC16 5834
   \   00000180   00                 DC8 ""
   \   00000181   000000000000       DC8 0, 0, 0, 0, 0, 0, 0, 0, 0, 0, 0, 0, 0, 0, 0, 0
   \              000000000000
   \              00000000    
   \   00000191   000000000000       DC8 0, 0, 0, 0, 0, 0, 0, 0, 0, 0, 0, 0, 0, 0, 0
   \              000000000000
   \              000000      
   \   000001A0   4B532E594D46       DC8 "SKY.FM Love"
   \              4C20766F0065
   \   000001AC   00000000           DC8 0, 0, 0, 0
   \   000001B0   374AA2B4           DD 2729719626
   \   000001B4   1F54               DC16 8020
   \   000001B6   00                 DC8 ""
   \   000001B7   000000000000       DC8 0, 0, 0, 0, 0, 0, 0, 0, 0, 0, 0, 0, 0, 0, 0, 0
   \              000000000000
   \              00000000    
   \   000001C7   000000000000       DC8 0, 0, 0, 0, 0, 0, 0, 0, 0, 0, 0, 0, 0, 0, 0
   \              000000000000
   \              000000      
   \   000001D6   455055524F46       DC8 "PERUFOLKRADIO"
   \              4B4C41524944
   \              004F        
   \   000001E4   0000               DC8 0, 0
   \   000001E6   627918A8           DD 413688441
   \   000001EA   273A               DC16 10042
   \   000001EC   00                 DC8 ""
   \   000001ED   000000000000       DC8 0, 0, 0, 0, 0, 0, 0, 0, 0, 0, 0, 0, 0, 0, 0, 0
   \              000000000000
   \              00000000    
   \   000001FD   000000000000       DC8 0, 0, 0, 0, 0, 0, 0, 0, 0, 0, 0, 0, 0, 0, 0
   \              000000000000
   \              000000      
   \   0000020C   5A4E54206568       DC8 "NZ TheFlea88.2"
   \              6C4661653838
   \              322E00      
   \   0000021B   00                 DC8 0
   \   0000021C   11BBE443           DD 3829600699
   \   00000220   24C5               DC16 9413
   \   00000222   00                 DC8 ""
   \   00000223   000000000000       DC8 0, 0, 0, 0, 0, 0, 0, 0, 0, 0, 0, 0, 0, 0, 0, 0
   \              000000000000
   \              00000000    
   \   00000233   000000000000       DC8 0, 0, 0, 0, 0, 0, 0, 0, 0, 0, 0, 0, 0, 0, 0
   \              000000000000
   \              000000      
   \   00000242   524242204E41       DC8 "BR BAND FM103,3"
   \              20444D463031
   \              2C330033    
   \   00000252   CC528CD9           DD 2363083858
   \   00000256   1F40               DC16 8000
   \   00000258   61726964646F       DC8 "radiodacha_high.mp3"
   \              63616168685F
   \              67692E68706D
   \              0033        
   \   0000026C   000000000000       DC8 0, 0, 0, 0, 0, 0, 0, 0, 0, 0, 0, 0
   \              000000000000
   \   00000278   61526964206F       DC8 "Radio Dacha"
   \              614468630061
   \   00000284   00000000           DC8 0, 0, 0, 0
   \   00000288   7A3E03D5           DD 64322110
   \   0000028C   1F40               DC16 8000
   \   0000028E   626F676F6572       DC8 "obogrelov-fm"
   \              6F6C2D766D66
   \              00          
   \   0000029B   000000000000       DC8 0, 0, 0, 0, 0, 0, 0, 0, 0, 0, 0, 0, 0, 0, 0, 0, 0, 0, 0
   \              000000000000
   \              000000000000
   \              00          
   \   000002AE   624F676F6572       DC8 "Obogrelov FM"
   \              6F6C20764D46
   \              00          
   \   000002BB   000000             DC8 0, 0, 0
   \   000002BE   7A3E03D5           DD 64322110
   \   000002C2   1F40               DC16 8000
   \   000002C4   656D6F6C6964       DC8 "melodia128"
   \              3161383200  
   \   000002CF   000000000000       DC8 0, 0, 0, 0, 0, 0, 0, 0, 0, 0, 0, 0, 0, 0, 0, 0, 0, 0, 0, 0, 0
   \              000000000000
   \              000000000000
   \              000000      
   \   000002E4   61522E644D20       DC8 "Rad. Melodiya"
   \              6C65646F7969
   \              0061        
   \   000002F2   0000               DC8 0, 0
   \   000002F4   EF598E83           DD 2391011161
   \   000002F8   1F90               DC16 8080
   \   000002FA   615269645F6F       DC8 "Radio_Russia"
   \              755273736169
   \              00          
   \   00000307   000000000000       DC8 0, 0, 0, 0, 0, 0, 0, 0, 0, 0, 0, 0, 0, 0, 0, 0, 0, 0, 0
   \              000000000000
   \              000000000000
   \              00          
   \   0000031A   61526964206F       DC8 "Radio Russia"
   \              755273736169
   \              00          
   \   00000327   000000             DC8 0, 0, 0
   \   0000032A   2AC1D798           DD 3617073857
   \   0000032E   1F46               DC16 8006
   \   00000330   00                 DC8 ""
   \   00000331   000000000000       DC8 0, 0, 0, 0, 0, 0, 0, 0, 0, 0, 0, 0, 0, 0, 0, 0
   \              000000000000
   \              00000000    
   \   00000341   000000000000       DC8 0, 0, 0, 0, 0, 0, 0, 0, 0, 0, 0, 0, 0, 0, 0
   \              000000000000
   \              000000      
   \   00000350   52572E4E5220       DC8 "WRN. Russkij"
   \              73756B736A69
   \              00          
   \   0000035D   000000             DC8 0, 0, 0
     11            {IP2UINT32(66,220,3,52),7016,"","1.FM TOP40"},/*1.FM TOP40 AAC+ 64*/
     12            {IP2UINT32(72,13,93,119),7070,"","1.FM Classical"},/*1.FM Trance AAC+ 64*/
     13            {IP2UINT32(72,13,93,119),7082,"","1.FM BaySm.Jazz"},/*1.FM Disco AAC+ 64*/
     14            {IP2UINT32(72,13,93,119),7036,"","1.FM 90's"},/*1.FM 90's AAC+ 64*/
     15            {IP2UINT32(72,26,204,28),5324,"","DI.FM Cl.Euro"},/*DI FM Classic Eurodance mp396*/
     16            {IP2UINT32(72,26,204,28),5194,"","DI.FM Ambient"},\
     17            {IP2UINT32(72,26,204,28),5744,"","DaTempo Lounge"},\
     18            {IP2UINT32(72,26,204,28),5834,"","SKY.FM Love"},\
     19            {IP2UINT32(74,55,180,162),8020,"","PERUFOLKRADIO"},/*DI FM Classical Trance AAC+ 24*/
     20            {IP2UINT32(121,98,168,24),10042,"","NZ TheFlea88.2"},/**/\
     21            {IP2UINT32(187,17,67,228),9413,"","BR BAND FM103,3"},/**/\
     22            {IP2UINT32(82,204,217,140),8000,"radiodacha_high.mp3","Radio Dacha"/*dacha96*/},\
     23            {IP2UINT32(62,122,213,3),8000,"obogrelov-fm","Obogrelov FM"},\
     24            {IP2UINT32(62,122,213,3),8000,"melodia128","Rad. Melodiya"},\
     25            {IP2UINT32(89,239,131,142),8080,"Radio_Russia","Radio Russia"},\
     26            {IP2UINT32(193,42,152,215),8006,"","WRN. Russkij"}
     27          };
     28          //  {IP2UINT32(64,12,61,3),80,"stream/1024"},/**/
     29          //  {IP2UINT32(72,26,204,18),6036,""},
     30          //  {IP2UINT32(72,26,204,18),6324,"","Cl.Eurodance"},/*DI FM Classic Eurodance MP3 96*/
     31          //  {IP2UINT32(192,168,113,2),8021,"","192.168.113.2"},/*DI FM Classic Eurodance MP3 96*/


   Segment part sizes:

     Function/Label    Bytes
     --------------    -----
     stationNum           1
     stationNum_EEPROM    1
     station_list       864
      Others              6

 
 865 bytes in segment EEPROM_I
   6 bytes in segment INITTAB
   1 byte  in segment NEAR_Z
 
   0 bytes of CODE  memory (+ 6 bytes shared)
   1 byte  of DATA  memory
 865 bytes of XDATA memory

Errors: none
Warnings: none
